{"name": "Проверка перехода по клику на \"Констуктор\"", "status": "failed", "statusDetails": {"message": "AssertionError: assert ('https://stel...ies.site/feed' == 'https://stel...parties.site/'\n  \n  - https://stellarburgers.nomoreparties.site/\n  + https://stellarburgers.nomoreparties.site/feed\n  ?                                           ++++)", "trace": "self = <tests.test_main_functionality.TestMainFunctionality object at 0x00000207D9DE78C0>\ndriver = <selenium.webdriver.firefox.webdriver.WebDriver (session=\"c5bba354-f663-41b1-b2ac-10034d019fa0\")>\n\n    @allure.title('Проверка перехода по клику на \"Констуктор\"')\n    def test_transition_to_constructor(self, driver):\n        page = MainPage(driver)\n        page.open(Url.ORDER_LIST_PAGE)\n        page.click_constructor_button()\n>       assert (page.get_url() == Url.BASE_PAGE and\n                page.get_text_from_login_button() == 'Войти в аккаунт')\nE       AssertionError: assert ('https://stel...ies.site/feed' == 'https://stel...parties.site/'\nE         \nE         - https://stellarburgers.nomoreparties.site/\nE         + https://stellarburgers.nomoreparties.site/feed\nE         ?                                           ++++)\n\ntests\\test_main_functionality.py:14: AssertionError"}, "steps": [{"name": "Открываем браузер на заданом урле", "status": "passed", "parameters": [{"name": "url", "value": "'https://stellarburgers.nomoreparties.site/feed'"}], "start": 1721737850031, "stop": 1721737916999}, {"name": "Клик по кнопке \"Конструктор\"", "status": "passed", "steps": [{"name": "Перемещаемся до элемента и кликаем", "status": "passed", "parameters": [{"name": "locator", "value": "('xpath', '//p[contains(text(),\"Конструктор\")]')"}], "start": 1721737916999, "stop": 1721737917304}], "start": 1721737916999, "stop": 1721737917304}, {"name": "Собираем текущий урл", "status": "passed", "start": 1721737917305, "stop": 1721737917307}], "parameters": [{"name": "driver", "value": "'firefox'"}], "start": 1721737850030, "stop": 1721737917308, "uuid": "243a3513-e898-4f68-8958-0ef48d6332b1", "historyId": "706d08cc0359ee95e9c050e06de5c400", "testCaseId": "49eae58a463c9072c162e87d40fb991a", "fullName": "tests.test_main_functionality.TestMainFunctionality#test_transition_to_constructor", "labels": [{"name": "story", "value": "Проверка основного функционала"}, {"name": "parentSuite", "value": "tests"}, {"name": "suite", "value": "test_main_functionality"}, {"name": "subSuite", "value": "TestMainFunctionality"}, {"name": "host", "value": "DESKTOP-7KB2K2E"}, {"name": "thread", "value": "4236-MainThread"}, {"name": "framework", "value": "pytest"}, {"name": "language", "value": "cpython3"}, {"name": "package", "value": "tests.test_main_functionality"}]}