{"name": "Проверка перехода по клику на \"Лента заказов\"", "status": "broken", "statusDetails": {"message": "selenium.common.exceptions.NoSuchElementException: Message: no such element: Unable to locate element: {\"method\":\"xpath\",\"selector\":\"//p[contains(text(),\"Лента Заказов\")]\"}\n  (Session info: chrome=126.0.6478.128); For documentation on this error, please visit: https://www.selenium.dev/documentation/webdriver/troubleshooting/errors#no-such-element-exception\nStacktrace:\n\tGetHandleVerifier [0x00007FF6D8B81F52+60322]\n\t(No symbol) [0x00007FF6D8AFCEC9]\n\t(No symbol) [0x00007FF6D89B7EBA]\n\t(No symbol) [0x00007FF6D8A07676]\n\t(No symbol) [0x00007FF6D8A0773C]\n\t(No symbol) [0x00007FF6D8A4E967]\n\t(No symbol) [0x00007FF6D8A2C25F]\n\t(No symbol) [0x00007FF6D8A4BC80]\n\t(No symbol) [0x00007FF6D8A2BFC3]\n\t(No symbol) [0x00007FF6D89F9617]\n\t(No symbol) [0x00007FF6D89FA211]\n\tGetHandleVerifier [0x00007FF6D8E9949D+3301613]\n\tGetHandleVerifier [0x00007FF6D8EE36C3+3605267]\n\tGetHandleVerifier [0x00007FF6D8ED9440+3563664]\n\tGetHandleVerifier [0x00007FF6D8C34326+790390]\n\t(No symbol) [0x00007FF6D8B0750F]\n\t(No symbol) [0x00007FF6D8B03404]\n\t(No symbol) [0x00007FF6D8B03592]\n\t(No symbol) [0x00007FF6D8AF2F9F]\n\tBaseThreadInitThunk [0x00007FFEAD867374+20]\n\tRtlUserThreadStart [0x00007FFEAEB9CC91+33]", "trace": "self = <tests.test_main_functionality.TestMainFunctionality object at 0x00000207D9DE6540>\ndriver = <selenium.webdriver.chrome.webdriver.WebDriver (session=\"1d60cd50fb82215924e97d23b8ccce6e\")>\n\n    @allure.title('Проверка перехода по клику на \"Лента заказов\"')\n    def test_transition_to_order_list(self, driver):\n        page = MainPage(driver)\n        page.open(Url.BASE_PAGE)\n>       page.click_order_list_button()\n\ntests\\test_main_functionality.py:21: \n_ _ _ _ _ _ _ _ _ _ _ _ _ _ _ _ _ _ _ _ _ _ _ _ _ _ _ _ _ _ _ _ _ _ _ _ _ _ _ _ _ _ _ _ _ _ _ _ _ _ _ _ _ _ _ _ _ _ _ _ _ _ _ _ _ _ _ _ _ _ _ _ _ _ _ _ _ _ _ _ _ _ \npages\\main_page.py:14: in click_order_list_button\n    self.move_to_element_and_click(MainPageLocators.ORDER_LIST_BUTTON)\npages\\base_page.py:46: in move_to_element_and_click\n    element = self.driver.find_element(*locator)\nvenv\\Lib\\site-packages\\selenium\\webdriver\\remote\\webdriver.py:748: in find_element\n    return self.execute(Command.FIND_ELEMENT, {\"using\": by, \"value\": value})[\"value\"]\nvenv\\Lib\\site-packages\\selenium\\webdriver\\remote\\webdriver.py:354: in execute\n    self.error_handler.check_response(response)\n_ _ _ _ _ _ _ _ _ _ _ _ _ _ _ _ _ _ _ _ _ _ _ _ _ _ _ _ _ _ _ _ _ _ _ _ _ _ _ _ _ _ _ _ _ _ _ _ _ _ _ _ _ _ _ _ _ _ _ _ _ _ _ _ _ _ _ _ _ _ _ _ _ _ _ _ _ _ _ _ _ _ \n\nself = <selenium.webdriver.remote.errorhandler.ErrorHandler object at 0x00000207D9EC3500>\nresponse = {'status': 404, 'value': '{\"value\":{\"error\":\"no such element\",\"message\":\"no such element: Unable to locate element: {\\...07FF6D8AF2F9F]\\\\n\\\\tBaseThreadInitThunk [0x00007FFEAD867374+20]\\\\n\\\\tRtlUserThreadStart [0x00007FFEAEB9CC91+33]\\\\n\"}}'}\n\n    def check_response(self, response: Dict[str, Any]) -> None:\n        \"\"\"Checks that a JSON response from the WebDriver does not have an\n        error.\n    \n        :Args:\n         - response - The JSON response from the WebDriver server as a dictionary\n           object.\n    \n        :Raises: If the response contains an error message.\n        \"\"\"\n        status = response.get(\"status\", None)\n        if not status or status == ErrorCode.SUCCESS:\n            return\n        value = None\n        message = response.get(\"message\", \"\")\n        screen: str = response.get(\"screen\", \"\")\n        stacktrace = None\n        if isinstance(status, int):\n            value_json = response.get(\"value\", None)\n            if value_json and isinstance(value_json, str):\n                import json\n    \n                try:\n                    value = json.loads(value_json)\n                    if len(value) == 1:\n                        value = value[\"value\"]\n                    status = value.get(\"error\", None)\n                    if not status:\n                        status = value.get(\"status\", ErrorCode.UNKNOWN_ERROR)\n                        message = value.get(\"value\") or value.get(\"message\")\n                        if not isinstance(message, str):\n                            value = message\n                            message = message.get(\"message\")\n                    else:\n                        message = value.get(\"message\", None)\n                except ValueError:\n                    pass\n    \n        exception_class: Type[WebDriverException]\n        e = ErrorCode()\n        error_codes = [item for item in dir(e) if not item.startswith(\"__\")]\n        for error_code in error_codes:\n            error_info = getattr(ErrorCode, error_code)\n            if isinstance(error_info, list) and status in error_info:\n                exception_class = getattr(ExceptionMapping, error_code, WebDriverException)\n                break\n        else:\n            exception_class = WebDriverException\n    \n        if not value:\n            value = response[\"value\"]\n        if isinstance(value, str):\n            raise exception_class(value)\n        if message == \"\" and \"message\" in value:\n            message = value[\"message\"]\n    \n        screen = None  # type: ignore[assignment]\n        if \"screen\" in value:\n            screen = value[\"screen\"]\n    \n        stacktrace = None\n        st_value = value.get(\"stackTrace\") or value.get(\"stacktrace\")\n        if st_value:\n            if isinstance(st_value, str):\n                stacktrace = st_value.split(\"\\n\")\n            else:\n                stacktrace = []\n                try:\n                    for frame in st_value:\n                        line = frame.get(\"lineNumber\", \"\")\n                        file = frame.get(\"fileName\", \"<anonymous>\")\n                        if line:\n                            file = f\"{file}:{line}\"\n                        meth = frame.get(\"methodName\", \"<anonymous>\")\n                        if \"className\" in frame:\n                            meth = f\"{frame['className']}.{meth}\"\n                        msg = \"    at %s (%s)\"\n                        msg = msg % (meth, file)\n                        stacktrace.append(msg)\n                except TypeError:\n                    pass\n        if exception_class == UnexpectedAlertPresentException:\n            alert_text = None\n            if \"data\" in value:\n                alert_text = value[\"data\"].get(\"text\")\n            elif \"alert\" in value:\n                alert_text = value[\"alert\"].get(\"text\")\n            raise exception_class(message, screen, stacktrace, alert_text)  # type: ignore[call-arg]  # mypy is not smart enough here\n>       raise exception_class(message, screen, stacktrace)\nE       selenium.common.exceptions.NoSuchElementException: Message: no such element: Unable to locate element: {\"method\":\"xpath\",\"selector\":\"//p[contains(text(),\"Лента Заказов\")]\"}\nE         (Session info: chrome=126.0.6478.128); For documentation on this error, please visit: https://www.selenium.dev/documentation/webdriver/troubleshooting/errors#no-such-element-exception\nE       Stacktrace:\nE       \tGetHandleVerifier [0x00007FF6D8B81F52+60322]\nE       \t(No symbol) [0x00007FF6D8AFCEC9]\nE       \t(No symbol) [0x00007FF6D89B7EBA]\nE       \t(No symbol) [0x00007FF6D8A07676]\nE       \t(No symbol) [0x00007FF6D8A0773C]\nE       \t(No symbol) [0x00007FF6D8A4E967]\nE       \t(No symbol) [0x00007FF6D8A2C25F]\nE       \t(No symbol) [0x00007FF6D8A4BC80]\nE       \t(No symbol) [0x00007FF6D8A2BFC3]\nE       \t(No symbol) [0x00007FF6D89F9617]\nE       \t(No symbol) [0x00007FF6D89FA211]\nE       \tGetHandleVerifier [0x00007FF6D8E9949D+3301613]\nE       \tGetHandleVerifier [0x00007FF6D8EE36C3+3605267]\nE       \tGetHandleVerifier [0x00007FF6D8ED9440+3563664]\nE       \tGetHandleVerifier [0x00007FF6D8C34326+790390]\nE       \t(No symbol) [0x00007FF6D8B0750F]\nE       \t(No symbol) [0x00007FF6D8B03404]\nE       \t(No symbol) [0x00007FF6D8B03592]\nE       \t(No symbol) [0x00007FF6D8AF2F9F]\nE       \tBaseThreadInitThunk [0x00007FFEAD867374+20]\nE       \tRtlUserThreadStart [0x00007FFEAEB9CC91+33]\n\nvenv\\Lib\\site-packages\\selenium\\webdriver\\remote\\errorhandler.py:229: NoSuchElementException"}, "steps": [{"name": "Открываем браузер на заданом урле", "status": "passed", "parameters": [{"name": "url", "value": "'https://stellarburgers.nomoreparties.site/'"}], "start": 1721737922173, "stop": 1721737955238}, {"name": "Клик по кнопке \"Лента Заказов\"", "status": "broken", "statusDetails": {"message": "selenium.common.exceptions.NoSuchElementException: Message: no such element: Unable to locate element: {\"method\":\"xpath\",\"selector\":\"//p[contains(text(),\"Лента Заказов\")]\"}\n  (Session info: chrome=126.0.6478.128); For documentation on this error, please visit: https://www.selenium.dev/documentation/webdriver/troubleshooting/errors#no-such-element-exception\nStacktrace:\n\tGetHandleVerifier [0x00007FF6D8B81F52+60322]\n\t(No symbol) [0x00007FF6D8AFCEC9]\n\t(No symbol) [0x00007FF6D89B7EBA]\n\t(No symbol) [0x00007FF6D8A07676]\n\t(No symbol) [0x00007FF6D8A0773C]\n\t(No symbol) [0x00007FF6D8A4E967]\n\t(No symbol) [0x00007FF6D8A2C25F]\n\t(No symbol) [0x00007FF6D8A4BC80]\n\t(No symbol) [0x00007FF6D8A2BFC3]\n\t(No symbol) [0x00007FF6D89F9617]\n\t(No symbol) [0x00007FF6D89FA211]\n\tGetHandleVerifier [0x00007FF6D8E9949D+3301613]\n\tGetHandleVerifier [0x00007FF6D8EE36C3+3605267]\n\tGetHandleVerifier [0x00007FF6D8ED9440+3563664]\n\tGetHandleVerifier [0x00007FF6D8C34326+790390]\n\t(No symbol) [0x00007FF6D8B0750F]\n\t(No symbol) [0x00007FF6D8B03404]\n\t(No symbol) [0x00007FF6D8B03592]\n\t(No symbol) [0x00007FF6D8AF2F9F]\n\tBaseThreadInitThunk [0x00007FFEAD867374+20]\n\tRtlUserThreadStart [0x00007FFEAEB9CC91+33]\n\n", "trace": "  File \"C:\\Users\\Маруся\\PycharmProjects\\Diplom\\qa-python-diplom_3\\venv\\Lib\\site-packages\\allure_commons\\_allure.py\", line 192, in impl\n    return func(*a, **kw)\n           ^^^^^^^^^^^^^^\n  File \"C:\\Users\\Маруся\\PycharmProjects\\Diplom\\qa-python-diplom_3\\pages\\main_page.py\", line 14, in click_order_list_button\n    self.move_to_element_and_click(MainPageLocators.ORDER_LIST_BUTTON)\n  File \"C:\\Users\\Маруся\\PycharmProjects\\Diplom\\qa-python-diplom_3\\venv\\Lib\\site-packages\\allure_commons\\_allure.py\", line 192, in impl\n    return func(*a, **kw)\n           ^^^^^^^^^^^^^^\n  File \"C:\\Users\\Маруся\\PycharmProjects\\Diplom\\qa-python-diplom_3\\pages\\base_page.py\", line 46, in move_to_element_and_click\n    element = self.driver.find_element(*locator)\n              ^^^^^^^^^^^^^^^^^^^^^^^^^^^^^^^^^^\n  File \"C:\\Users\\Маруся\\PycharmProjects\\Diplom\\qa-python-diplom_3\\venv\\Lib\\site-packages\\selenium\\webdriver\\remote\\webdriver.py\", line 748, in find_element\n    return self.execute(Command.FIND_ELEMENT, {\"using\": by, \"value\": value})[\"value\"]\n           ^^^^^^^^^^^^^^^^^^^^^^^^^^^^^^^^^^^^^^^^^^^^^^^^^^^^^^^^^^^^^^^^^\n  File \"C:\\Users\\Маруся\\PycharmProjects\\Diplom\\qa-python-diplom_3\\venv\\Lib\\site-packages\\selenium\\webdriver\\remote\\webdriver.py\", line 354, in execute\n    self.error_handler.check_response(response)\n  File \"C:\\Users\\Маруся\\PycharmProjects\\Diplom\\qa-python-diplom_3\\venv\\Lib\\site-packages\\selenium\\webdriver\\remote\\errorhandler.py\", line 229, in check_response\n    raise exception_class(message, screen, stacktrace)\n"}, "steps": [{"name": "Перемещаемся до элемента и кликаем", "status": "broken", "statusDetails": {"message": "selenium.common.exceptions.NoSuchElementException: Message: no such element: Unable to locate element: {\"method\":\"xpath\",\"selector\":\"//p[contains(text(),\"Лента Заказов\")]\"}\n  (Session info: chrome=126.0.6478.128); For documentation on this error, please visit: https://www.selenium.dev/documentation/webdriver/troubleshooting/errors#no-such-element-exception\nStacktrace:\n\tGetHandleVerifier [0x00007FF6D8B81F52+60322]\n\t(No symbol) [0x00007FF6D8AFCEC9]\n\t(No symbol) [0x00007FF6D89B7EBA]\n\t(No symbol) [0x00007FF6D8A07676]\n\t(No symbol) [0x00007FF6D8A0773C]\n\t(No symbol) [0x00007FF6D8A4E967]\n\t(No symbol) [0x00007FF6D8A2C25F]\n\t(No symbol) [0x00007FF6D8A4BC80]\n\t(No symbol) [0x00007FF6D8A2BFC3]\n\t(No symbol) [0x00007FF6D89F9617]\n\t(No symbol) [0x00007FF6D89FA211]\n\tGetHandleVerifier [0x00007FF6D8E9949D+3301613]\n\tGetHandleVerifier [0x00007FF6D8EE36C3+3605267]\n\tGetHandleVerifier [0x00007FF6D8ED9440+3563664]\n\tGetHandleVerifier [0x00007FF6D8C34326+790390]\n\t(No symbol) [0x00007FF6D8B0750F]\n\t(No symbol) [0x00007FF6D8B03404]\n\t(No symbol) [0x00007FF6D8B03592]\n\t(No symbol) [0x00007FF6D8AF2F9F]\n\tBaseThreadInitThunk [0x00007FFEAD867374+20]\n\tRtlUserThreadStart [0x00007FFEAEB9CC91+33]\n\n", "trace": "  File \"C:\\Users\\Маруся\\PycharmProjects\\Diplom\\qa-python-diplom_3\\venv\\Lib\\site-packages\\allure_commons\\_allure.py\", line 192, in impl\n    return func(*a, **kw)\n           ^^^^^^^^^^^^^^\n  File \"C:\\Users\\Маруся\\PycharmProjects\\Diplom\\qa-python-diplom_3\\pages\\base_page.py\", line 46, in move_to_element_and_click\n    element = self.driver.find_element(*locator)\n              ^^^^^^^^^^^^^^^^^^^^^^^^^^^^^^^^^^\n  File \"C:\\Users\\Маруся\\PycharmProjects\\Diplom\\qa-python-diplom_3\\venv\\Lib\\site-packages\\selenium\\webdriver\\remote\\webdriver.py\", line 748, in find_element\n    return self.execute(Command.FIND_ELEMENT, {\"using\": by, \"value\": value})[\"value\"]\n           ^^^^^^^^^^^^^^^^^^^^^^^^^^^^^^^^^^^^^^^^^^^^^^^^^^^^^^^^^^^^^^^^^\n  File \"C:\\Users\\Маруся\\PycharmProjects\\Diplom\\qa-python-diplom_3\\venv\\Lib\\site-packages\\selenium\\webdriver\\remote\\webdriver.py\", line 354, in execute\n    self.error_handler.check_response(response)\n  File \"C:\\Users\\Маруся\\PycharmProjects\\Diplom\\qa-python-diplom_3\\venv\\Lib\\site-packages\\selenium\\webdriver\\remote\\errorhandler.py\", line 229, in check_response\n    raise exception_class(message, screen, stacktrace)\n"}, "parameters": [{"name": "locator", "value": "('xpath', '//p[contains(text(),\"Лента Заказов\")]')"}], "start": 1721737955238, "stop": 1721737955253}], "start": 1721737955238, "stop": 1721737955255}], "attachments": [{"name": "log", "source": "662c6d7c-a714-4562-9197-4014164b8d02-attachment.txt", "type": "text/plain"}], "parameters": [{"name": "driver", "value": "'chrome'"}], "start": 1721737922173, "stop": 1721737955256, "uuid": "3a019e20-9f18-4c05-bfd2-408ca129f017", "historyId": "fc91d276e4da6c85b2c4e070874714cc", "testCaseId": "89c4021c287e36257e7300ea410e1520", "fullName": "tests.test_main_functionality.TestMainFunctionality#test_transition_to_order_list", "labels": [{"name": "story", "value": "Проверка основного функционала"}, {"name": "parentSuite", "value": "tests"}, {"name": "suite", "value": "test_main_functionality"}, {"name": "subSuite", "value": "TestMainFunctionality"}, {"name": "host", "value": "DESKTOP-7KB2K2E"}, {"name": "thread", "value": "4236-MainThread"}, {"name": "framework", "value": "pytest"}, {"name": "language", "value": "cpython3"}, {"name": "package", "value": "tests.test_main_functionality"}]}